Started by user [8mha:////4JL/XXs1/+R6Na+ryj4THEtima3vbuAhb2jDMCF8YmqmAAAAmR+LCAAAAAAAAP9b85aBtbiIQTGjNKU4P08vOT+vOD8nVc83PyU1x6OyILUoJzMv2y+/JJUBAhiZGBgqihhk0NSjKDWzXb3RdlLBUSYGJk8GtpzUvPSSDB8G5tKinBIGIZ+sxLJE/ZzEvHT94JKizLx0a6BxUmjGOUNodHsLgAy+EgY+/dLi1CIgkZFYlJiXCQCmiyIzwwAAAA==[0musharani samal
Checking out git https://github.com/igot-gov/Eagle.git into /var/lib/jenkins/workspace/igot-dev/Frontend-build/fusion-dev-build@script to read apps/fusion/Jenkinsfile
No credentials specified
 > git rev-parse --is-inside-work-tree # timeout=10
Fetching changes from the remote Git repository
 > git config remote.origin.url https://github.com/igot-gov/Eagle.git # timeout=10
Fetching upstream changes from https://github.com/igot-gov/Eagle.git
 > git --version # timeout=10
 > git fetch --tags --progress https://github.com/igot-gov/Eagle.git +refs/heads/*:refs/remotes/origin/* # timeout=10
 > git rev-parse origin/node-social-share^{commit} # timeout=10
Checking out Revision ddad170793d91e470dbcfaabcbfef37d975ad076 (origin/node-social-share)
 > git config core.sparsecheckout # timeout=10
 > git checkout -f ddad170793d91e470dbcfaabcbfef37d975ad076 # timeout=10
Commit message: "social btn link changes to node url"
First time build. Skipping changelog.
Running in Durability level: MAX_SURVIVABILITY
[8mha:////4CogtAq7rn74jxj7uLVCcsx+t/y35kGeqvPkPZObyMXKAAAAoh+LCAAAAAAAAP9tjTEOwjAQBM8BClpKHuFItIiK1krDC0x8GCfWnbEdkooX8TX+gCESFVvtrLSa5wtWKcKBo5UdUu8otU4GP9jS5Mixv3geZcdn2TIl9igbHBs2eJyx4YwwR1SwULBGaj0nRzbDRnX6rmuvydanHMu2V1A5c4MHCFXMWcf8hSnC9jqYxPTz/BXAFEIGsfuclm8zQVqFvQAAAA==[0m[Pipeline] Start of Pipeline
[8mha:////4M4HhYYw5g8Q/T69bF4Q03CXP5QrGLTB/3G02QXJo6U5AAAApR+LCAAAAAAAAP9tjTEOwjAUQ3+KOrAycohUghExsUZZOEFIQkgb/d8mKe3EibgadyBQiQlLlmxL1nu+oE4RjhQdby12HpP2vA+jK4lPFLtroIm3dOGaMFGwXNpJkrGnpUrKFhaxClYC1hZ1oOTRZdiIVt1VExS65pxj2Q4CKm8GeAAThZxVzN8yR9jeRpMIf5y/AJj7DGxXvP/86jduZBmjwAAAAA==[0m[Pipeline] node
Running on [8mha:////4I8dzKCIF5MAVfX6mSSVw/7BBA8CLo8Y4KOcAQfTfDT/AAAAnh+LCAAAAAAAAP9b85aBtbiIQTGjNKU4P08vOT+vOD8nVc83PyU1x6OyILUoJzMv2y+/JJUBAhiZGBgqihhk0NSjKDWzXb3RdlLBUSYGJk8GtpzUvPSSDB8G5tKinBIGIZ+sxLJE/ZzEvHT94JKizLx0a6BxUmjGOUNodHsLgAz2EgZh/eT83ILSktQifY3cxGIgrakPAHib2iPIAAAA[0mJenkins in /var/lib/jenkins/workspace/igot-dev/Frontend-build/fusion-dev-build
[8mha:////4LB3xgJ5/i6rvwz3UzIGQskalXp7BJ5rM3CcuPAq8uCGAAAApR+LCAAAAAAAAP9tjTEOwjAUQ3+KOrAycoh0gA0xsUZZOEFIQkgb/d8mKe3EibgadyBQiQlLlmxL1nu+oE4RjhQdby12HpP2vA+jK4lPFLtroIm3dOGaMFGwXNpJkrGnpUrKFhaxClYC1hZ1oOTRZdiIVt1VExS65pxj2Q4CKm8GeAAThZxVzN8yR9jeRpMIf5y/AJj7DGxXvP/86jfoP95RwAAAAA==[0m[Pipeline] {
[8mha:////4BIodQLml+s7Yz/VUwXw69YMXxgGKkA2g9ogG2rdJzvnAAAApR+LCAAAAAAAAP9tjTEOwjAUQ3+KOrAycoh0gQkxsUZZOEFIQkgb/d8mKe3EibgadyBQiQlLlmxL1nu+oE4RjhQdby12HpP2vA+jK4lPFLtroIm3dOGaMFGwXNpJkrGnpUrKFhaxClYC1hZ1oOTRZdiIVt1VExS65pxj2Q4CKm8GeAAThZxVzN8yR9jeRpMIf5y/AJj7DGxXvP/86jc09154wAAAAA==[0m[Pipeline] ansiColor
[8mha:////4I+DPNrJrY6nGXv0HKYd6twr+ClidgSYIrE439NWgujzAAAApR+LCAAAAAAAAP9tjTEOwjAUQ3+KOrAycoh0ggUxsUZZOEFIQkgb/d8mKe3EibgadyBQiQlLlmxL1nu+oE4RjhQdby12HpP2vA+jK4lPFLtroIm3dOGaMFGwXNpJkrGnpUrKFhaxClYC1hZ1oOTRZdiIVt1VExS65pxj2Q4CKm8GeAAThZxVzN8yR9jeRpMIf5y/AJj7DGxXvP/86jek7ggRwAAAAA==[0m[Pipeline] {
[8mha:////4E6ZFoOz08tWaQiXki4hIu1lr7b/L8x53DGJZd+Tu1RuAAAApR+LCAAAAAAAAP9tjTEOwjAUQ3+KOrAycoh0gwExsUZZOEFIQkgb/d8mKe3EibgadyBQiQlLlmxL1nu+oE4RjhQdby12HpP2vA+jK4lPFLtroIm3dOGaMFGwXNpJkrGnpUrKFhaxClYC1hZ1oOTRZdiIVt1VExS65pxj2Q4CKm8GeAAThZxVzN8yR9jeRpMIf5y/AJj7DGxXvP/86jcChmMxwAAAAA==[0m[Pipeline] stage
[8mha:////4EOWAYBHBge05it7SsmJIpeBzlZnHLfW1vjcORdWPYclAAAApR+LCAAAAAAAAP9tjTEOwjAUQ3+KOrAycoh0BAkxsUZZOEFIQkgb/d8mKe3EibgadyBQiQlLlmxL1nu+oE4RjhQdby12HpP2vA+jK4lPFLtroIm3dOGaMFGwXNpJkrGnpUrKFhaxClYC1hZ1oOTRZdiIVt1VExS65pxj2Q4CKm8GeAAThZxVzN8yR9jeRpMIf5y/AJj7DGxXvP/86jfpX/cvwAAAAA==[0m[Pipeline] { (Checkout)
[8mha:////4P8hajGSU1NmcDK7zr6c+qSTk1RCMgeBZweWlwN28t5yAAAAoh+LCAAAAAAAAP9tjTEOAiEURD9rLGwtPQTbaoyVLaHxBMgiwpL/WWDdrTyRV/MOEjexcpJJ5k3zXm9Y5wQnSpZ7g73DrB2PYbR18YlSfws0cU9XrgkzBcOlmSR15rygpGJgCWtgJWBjUAfKDm2BrfDqodqg0LaXkup3FNC4boAnMFHNRaXyhTnB7j52mfDn+SuAORZg+9pD/AAeoCAqvAAAAA==[0m[Pipeline] cleanWs
[WS-CLEANUP] Deleting project workspace...
[WS-CLEANUP] Deferred wipeout is used...
[WS-CLEANUP] done
[8mha:////4O62hg3nuWQGYzJSRPAYJinD89yjNHB3k3WDfrzy132vAAAAox+LCAAAAAAAAP9tjTEOwjAQBDdBFLSUPMKBDglR0VppeIFJjHFi3QX7QlLxIr7GH4iIRMVWO9PM641lijhydKqx1HpKlVdd6N301MCxvQYeVMMXVTElDlaVdii5tqcZSxaLeVmOhcbKUhU4eXKCtW7MwxTBkCvOEid30Mh9fccTmZ7KYqJ8YYzY3Po6Mf06fwMYO0G2F+S7bfcBITL9lL0AAAA=[0m[Pipeline] checkout
No credentials specified
Cloning the remote Git repository
Cloning repository https://github.com/igot-gov/Eagle.git
 > git init /var/lib/jenkins/workspace/igot-dev/Frontend-build/fusion-dev-build # timeout=10
Fetching upstream changes from https://github.com/igot-gov/Eagle.git
 > git --version # timeout=10
 > git fetch --tags --progress https://github.com/igot-gov/Eagle.git +refs/heads/*:refs/remotes/origin/* # timeout=10
 > git config remote.origin.url https://github.com/igot-gov/Eagle.git # timeout=10
 > git config --add remote.origin.fetch +refs/heads/*:refs/remotes/origin/* # timeout=10
 > git config remote.origin.url https://github.com/igot-gov/Eagle.git # timeout=10
Fetching upstream changes from https://github.com/igot-gov/Eagle.git
 > git fetch --tags --progress https://github.com/igot-gov/Eagle.git +refs/heads/*:refs/remotes/origin/* # timeout=10
 > git rev-parse origin/node-social-share^{commit} # timeout=10
Checking out Revision ddad170793d91e470dbcfaabcbfef37d975ad076 (origin/node-social-share)
 > git config core.sparsecheckout # timeout=10
 > git checkout -f ddad170793d91e470dbcfaabcbfef37d975ad076 # timeout=10
Commit message: "social btn link changes to node url"
[8mha:////4PphThmGcYjzIXYO8baHSsc/I1mRgpU76NMkOh1sjp0sAAAAox+LCAAAAAAAAP9tjbEOgjAURS8YB1dHP6KEzcQ4uTYsfkGFWgvNe9g+hMkv8tf8B4kkTt7pnrOc1xvrFHHk6FRrqfOUaq/6MLj5qZFjdw08qpYvqmZKHKyq7FhxY08LViwWy7IcK42NpTpw8uQEW92ahymCIVecJc7uoJH75o4nMj2XxUT5whSxuw1NYvp1/gYw9b0gL0tBtv8AHk6T5r0AAAA=[0m[Pipeline] }
[8mha:////4N1Qgn8AATg0PJlfa+zx4/XZh3bPHqh2xDfBbhJgS8Y2AAAAox+LCAAAAAAAAP9tjTEOwjAQBDdBFLSUPMIRNBSIitZKwwtMYowT6y7YF5KKF/E1/kBEJCq22plmXm8sU8SRo1ONpdZTqrzqQu+mpwaO7TXwoBq+qIopcbCqtEPJtT3NWLJYzMtyLDRWlqrAyZMTrHVjHqYIhlxxlji5g0bu6zueyPRUFhPlC2PE5tbXienX+RvA2HWCfLsTZPsPXymMMb0AAAA=[0m[Pipeline] // stage
[8mha:////4EMnktzjW7yUEZ67srpVpNNd9ZDB2RgNDQ8SkV11xlyUAAAApB+LCAAAAAAAAP9tjTEOwjAQBDdBFLSUPMIRQqJBVLRWGl5gEmOcWHfBvpBUvIiv8QciIlGx1c4083pjmSKOHJ1qLLWeUuVVF3o3PTVwbK+BB9XwRVVMiYNVpR1Kru1pxpLFYl6WY6GxslQFTp6cYK0b8zBFMOSKs8TJHTRyX9/xRKanspgoXxgjNre+Tky/zt8Axq4T5NudINt/AHkw63u9AAAA[0m[Pipeline] }
[8mha:////4P0iBvoKjc4AyO3aqqUerJXSHuX/cs0cWTvuLSIHcSjvAAAAox+LCAAAAAAAAP9tjTEOwjAQBDdBFLSUPMIRElSIitZKwwtMYowT6y7YF5KKF/E1/kBEJCq22plmXm8sU8SRo1ONpdZTqrzqQu+mpwaO7TXwoBq+qIopcbCqtEPJtT3NWLJYzMtyLDRWlqrAyZMTrHVjHqYIhlxxlji5g0bu6zueyPRUFhPlC2PE5tbXienX+RvA2HWCfLsTZPsP073CUL0AAAA=[0m[Pipeline] // ansiColor
[8mha:////4CNnUvLMQQkxTLdb9/c6+Fx6wGWbU8RzyyrIP2Q7WnhBAAAAph+LCAAAAAAAAP9tjTEOwjAQBM9BKWgpeYQjJKgQFa3lhheY2Bgn1l2wLyQVL+Jr/IFAJCq22llpNc8XlDnBgZKXjcM2YK6D7GLvpyYHSu0l0iAbOsuaMFN0UrtBk3XHGTWxgzmigIWCpcM6Ug7oGVaqMXdTRYO+OnGatr2CItgbPECoycwm8RfGBOtrbzPhz/NXAGPHILYMxWb3OZZvBXXnAcEAAAA=[0m[Pipeline] stage
[8mha:////4CBaTsQr90lV5hpKm/1Gi+wkLJENS/ytk4SMdVNyA5vCAAAApx+LCAAAAAAAAP9tjTEOwjAUQ3+LOrAycohUDLAgpq5RFk4QmhDSRv+Xn5R24kRcjTvQUokJD5ZtyXqvNxSR4UTsRGOx9RhrL7rQuymJgbi9BhpEQxdRE0YKVig7KDK2WqqiZGFRlsNKwtpiHSh6dAk2stEPXQaNrjwnnrajhNybOzwhkxM5aU7fMjJsb72JhD/OXwCMXYJ8t5/tMD+LD/s94rDCAAAA[0m[Pipeline] { (docker-build)
[8mha:////4HHuxzc+yx4ZPKmtro1JSpobF3oS2uHDg6qhlNjVyMk5AAAApB+LCAAAAAAAAP9tjTEOwjAQBC9BFLSUPOIiGigQVVrLDS8wsTFOrDtjOyQVL+Jr/IFAJCq2WO1sM88XLFOEI0eLraHOUWocBt/baeHAsbt4HrDlMzZMib1BaQbJ2tQzSs4G5hQlLASsDDWekyObYS1adVeVV2SrU47TdxBQOn2DBxRiMmcV8xfGCJtrrxPTz/NXAGPIUG53n9qHN27Iu42+AAAA[0m[Pipeline] sh
+ git rev-parse --short HEAD
+ commit_id=ddad170
+ echo ddad170
+ cd ./apps/fusion/
+ pwd
/var/lib/jenkins/workspace/igot-dev/Frontend-build/fusion-dev-build/apps/fusion
+ docker build -t 10.0.1.129:5000/ui-static:ddad170 .
Sending build context to Docker daemon  21.05MB
Step 1/9 : FROM node:10
 ---> e7671d9424c2
Step 2/9 : WORKDIR /app
 ---> Using cache
 ---> 79176903c1d2
Step 3/9 : COPY . .
 ---> 7b59575dc321
Step 4/9 : RUN yarn && yarn add moment && yarn add vis-util && npm run build --prod --build-optimizer
 ---> Running in cdcba81a701d
yarn install v1.22.4
[1/4] Resolving packages...
[2/4] Fetching packages...
info fsevents@2.1.3: The platform "linux" is incompatible with this module.
info "fsevents@2.1.3" is an optional dependency and failed compatibility check. Excluding it from installation.
info fsevents@1.2.13: The platform "linux" is incompatible with this module.
info "fsevents@1.2.13" is an optional dependency and failed compatibility check. Excluding it from installation.
[3/4] Linking dependencies...
[91mwarning " > @angular/core@8.2.14" has incorrect peer dependency "zone.js@~0.9.1".
[0m[91mwarning " > @angular/material-moment-adapter@9.2.4" has incorrect peer dependency "@angular/material@9.2.4".
[0m[91mwarning " > @angular/material-moment-adapter@9.2.4" has incorrect peer dependency "@angular/core@^9.0.0 || ^10.0.0-0".
[0m[91mwarning " > keycloak-angular@6.1.0" has incorrect peer dependency "@angular/common@^7.0.0".
[0m[91mwarning " > keycloak-angular@6.1.0" has incorrect peer dependency "@angular/core@^7.0.0".
[0m[91mwarning " > ng2-ace-editor@0.3.9" has incorrect peer dependency "@angular/core@^7.0.0".
[0m[91mwarning " > pdfjs-dist@2.1.266" has unmet peer dependency "webpack@^3.0.0 || ^4.0.0-alpha.0 || ^4.0.0".
[0m[91mwarning "pdfjs-dist > worker-loader@2.0.0" has unmet peer dependency "webpack@^3.0.0 || ^4.0.0-alpha.0 || ^4.0.0".
[0m[91mwarning "vis-network > vis-data@6.6.1" has incorrect peer dependency "vis-util@^4.0.0".
[0m[91mwarning "vis-network > vis-data@6.6.1" has unmet peer dependency "uuid@^7.0.0 || ^8.0.0".
[0m[91mwarning " > karma-jasmine-html-reporter@1.5.4" has incorrect peer dependency "jasmine-core@>=3.5".
[0m[91mwarning " > tsickle@0.36.0" has incorrect peer dependency "typescript@~3.4.1".
[0m[4/4] Building fresh packages...
Done in 54.75s.
yarn add v1.22.4
[1/4] Resolving packages...
[2/4] Fetching packages...
info fsevents@2.1.3: The platform "linux" is incompatible with this module.
info "fsevents@2.1.3" is an optional dependency and failed compatibility check. Excluding it from installation.
info fsevents@1.2.13: The platform "linux" is incompatible with this module.
info "fsevents@1.2.13" is an optional dependency and failed compatibility check. Excluding it from installation.
[3/4] Linking dependencies...
[91mwarning " > @angular/core@8.2.14" has incorrect peer dependency "zone.js@~0.9.1".
[0m[91mwarning " > @angular/material-moment-adapter@9.2.4" has incorrect peer dependency "@angular/material@9.2.4".
[0m[91mwarning " > @angular/material-moment-adapter@9.2.4" has incorrect peer dependency "@angular/core@^9.0.0 || ^10.0.0-0".
[0m[91mwarning " > keycloak-angular@6.1.0" has incorrect peer dependency "@angular/common@^7.0.0".
warning " > keycloak-angular@6.1.0" has incorrect peer dependency "@angular/core@^7.0.0".
[0m[91mwarning " > ng2-ace-editor@0.3.9" has incorrect peer dependency "@angular/core@^7.0.0".
[0m[91mwarning " > pdfjs-dist@2.1.266" has unmet peer dependency "webpack@^3.0.0 || ^4.0.0-alpha.0 || ^4.0.0".
[0m[91mwarning "pdfjs-dist > worker-loader@2.0.0" has unmet peer dependency "webpack@^3.0.0 || ^4.0.0-alpha.0 || ^4.0.0".
[0m[91mwarning "vis-network > vis-data@6.6.1" has incorrect peer dependency "vis-util@^4.0.0".
[0m[91mwarning "vis-network > vis-data@6.6.1" has unmet peer dependency "uuid@^7.0.0 || ^8.0.0".
[0m[91mwarning " > karma-jasmine-html-reporter@1.5.4" has incorrect peer dependency "jasmine-core@>=3.5".
[0m[91mwarning " > tsickle@0.36.0" has incorrect peer dependency "typescript@~3.4.1".
[0m[4/4] Building fresh packages...
success Saved lockfile.
success Saved 1 new dependency.
info Direct dependencies
â””â”€ moment@2.29.1
info All dependencies
â””â”€ moment@2.29.1
Done in 10.37s.
yarn add v1.22.4
[1/4] Resolving packages...
[2/4] Fetching packages...
info fsevents@2.1.3: The platform "linux" is incompatible with this module.
info "fsevents@2.1.3" is an optional dependency and failed compatibility check. Excluding it from installation.
info fsevents@1.2.13: The platform "linux" is incompatible with this module.
info "fsevents@1.2.13" is an optional dependency and failed compatibility check. Excluding it from installation.
[3/4] Linking dependencies...
[91mwarning " > @angular/core@8.2.14" has incorrect peer dependency "zone.js@~0.9.1".
[0m[91mwarning " > @angular/material-moment-adapter@9.2.4" has incorrect peer dependency "@angular/material@9.2.4".
[0m[91mwarning " > @angular/material-moment-adapter@9.2.4" has incorrect peer dependency "@angular/core@^9.0.0 || ^10.0.0-0".
[0m[91mwarning " > keycloak-angular@6.1.0" has incorrect peer dependency "@angular/common@^7.0.0".
[0m[91mwarning " > keycloak-angular@6.1.0" has incorrect peer dependency "@angular/core@^7.0.0".
[0m[91mwarning " > ng2-ace-editor@0.3.9" has incorrect peer dependency "@angular/core@^7.0.0".
[0m[91mwarning " > pdfjs-dist@2.1.266" has unmet peer dependency "webpack@^3.0.0 || ^4.0.0-alpha.0 || ^4.0.0".
[0m[91mwarning "pdfjs-dist > worker-loader@2.0.0" has unmet peer dependency "webpack@^3.0.0 || ^4.0.0-alpha.0 || ^4.0.0".
[0m[91mwarning "vis-network > vis-data@6.6.1" has unmet peer dependency "uuid@^7.0.0 || ^8.0.0".
[0m[91mwarning " > karma-jasmine-html-reporter@1.5.4" has incorrect peer dependency "jasmine-core@>=3.5".
[0m[91mwarning " > tsickle@0.36.0" has incorrect peer dependency "typescript@~3.4.1".
[0m[4/4] Building fresh packages...
success Saved lockfile.
success Saved 1 new dependency.
info Direct dependencies
â””â”€ vis-util@4.3.4
info All dependencies
â””â”€ vis-util@4.3.4
Done in 9.51s.

> fusion@0.0.1 prebuild /app
> npm run lint:fix


> fusion@0.0.1 lint:fix /app
> ng lint --fix

Linting "fusion"...
Fixed 8 error(s) in /app/library/ws-widget/collection/src/lib/btn-linkedin-share/btn-linkedin-share/btn-linkedin-share.component.ts
Fixed 12 error(s) in /app/library/ws-widget/collection/src/lib/btn-facebook-share/btn-facebook-share/btn-facebook-share.component.ts
Fixed 10 error(s) in /app/library/ws-widget/collection/src/lib/btn-twitter-share/btn-twitter-share/btn-twitter-share.component.ts

ERROR: /app/library/ws-widget/collection/src/lib/btn-facebook-share/btn-facebook-share/btn-facebook-share.component.ts:29:5 - Calls to 'console.log' are not allowed.
ERROR: /app/library/ws-widget/collection/src/lib/btn-linkedin-share/btn-linkedin-share/btn-linkedin-share.component.ts:38:7 - Calls to 'console.log' are not allowed.

[91mLint errors found in the listed files.
[0mLinting "@ws-widget/resolver"...

ERROR: /app/library/ws-widget/collection/src/lib/btn-facebook-share/btn-facebook-share/btn-facebook-share.component.ts:29:5 - Calls to 'console.log' are not allowed.
ERROR: /app/library/ws-widget/collection/src/lib/btn-linkedin-share/btn-linkedin-share/btn-linkedin-share.component.ts:38:7 - Calls to 'console.log' are not allowed.

[91mLint errors found in the listed files.
[0mLinting "@ws-widget/collection"...

ERROR: /app/library/ws-widget/collection/src/lib/btn-facebook-share/btn-facebook-share/btn-facebook-share.component.ts:29:5 - Calls to 'console.log' are not allowed.
ERROR: /app/library/ws-widget/collection/src/lib/btn-linkedin-share/btn-linkedin-share/btn-linkedin-share.component.ts:38:7 - Calls to 'console.log' are not allowed.

[91mLint errors found in the listed files.
[0mLinting "@ws-widget/utils"...

ERROR: /app/library/ws-widget/collection/src/lib/btn-facebook-share/btn-facebook-share/btn-facebook-share.component.ts:29:5 - Calls to 'console.log' are not allowed.
ERROR: /app/library/ws-widget/collection/src/lib/btn-linkedin-share/btn-linkedin-share/btn-linkedin-share.component.ts:38:7 - Calls to 'console.log' are not allowed.

[91mLint errors found in the listed files.
[0mLinting "@ws/app"...

ERROR: /app/library/ws-widget/collection/src/lib/btn-facebook-share/btn-facebook-share/btn-facebook-share.component.ts:29:5 - Calls to 'console.log' are not allowed.
ERROR: /app/library/ws-widget/collection/src/lib/btn-linkedin-share/btn-linkedin-share/btn-linkedin-share.component.ts:38:7 - Calls to 'console.log' are not allowed.

[91mLint errors found in the listed files.
[0mLinting "@ws/author"...

ERROR: /app/library/ws-widget/collection/src/lib/btn-facebook-share/btn-facebook-share/btn-facebook-share.component.ts:29:5 - Calls to 'console.log' are not allowed.
ERROR: /app/library/ws-widget/collection/src/lib/btn-linkedin-share/btn-linkedin-share/btn-linkedin-share.component.ts:38:7 - Calls to 'console.log' are not allowed.

[91mLint errors found in the listed files.
[0mLinting "@ws/admin"...

ERROR: /app/library/ws-widget/collection/src/lib/btn-facebook-share/btn-facebook-share/btn-facebook-share.component.ts:29:5 - Calls to 'console.log' are not allowed.
ERROR: /app/library/ws-widget/collection/src/lib/btn-linkedin-share/btn-linkedin-share/btn-linkedin-share.component.ts:38:7 - Calls to 'console.log' are not allowed.

[91mLint errors found in the listed files.
[0mLinting "@ws/analytics"...

ERROR: /app/library/ws-widget/collection/src/lib/btn-facebook-share/btn-facebook-share/btn-facebook-share.component.ts:29:5 - Calls to 'console.log' are not allowed.
ERROR: /app/library/ws-widget/collection/src/lib/btn-linkedin-share/btn-linkedin-share/btn-linkedin-share.component.ts:38:7 - Calls to 'console.log' are not allowed.

[91mLint errors found in the listed files.
[0mLinting "@ws/viewer"...

ERROR: /app/library/ws-widget/collection/src/lib/btn-facebook-share/btn-facebook-share/btn-facebook-share.component.ts:29:5 - Calls to 'console.log' are not allowed.
ERROR: /app/library/ws-widget/collection/src/lib/btn-linkedin-share/btn-linkedin-share/btn-linkedin-share.component.ts:38:7 - Calls to 'console.log' are not allowed.

[91mLint errors found in the listed files.
[0m[91mnpm ERR! code ELIFECYCLE
[0m[91mnpm ERR! errno 1
[0m[91mnpm ERR! fusion@0.0.1 lint:fix: `ng lint --fix`
npm[0m[91m ERR![0m[91m Exit status 1
[0m[91mnpm [0m[91mERR! 
npm ERR! Failed at the fusion@0.0.1 lint:fix script.
[0m[91mnpm[0m[91m ERR! This is probably not a problem with npm. There is likely additional logging output above.
[0m[91m
npm ERR! A complete log of this run can be found in:
npm [0m[91mERR!     /root/.npm/_logs/2020-10-23T13_20_58_416Z-debug.log
[0m[91mnpm ERR! code[0m[91m ELIFECYCLE
[0m[91mnpm ERR! errno[0m[91m 1
[0m[91mnpm ERR! fusion@0.0.1 prebuild: `npm run lint:fix`
npm[0m[91m ERR![0m[91m Exit status 1
[0m[91mnpm ERR! 
npm[0m[91m [0m[91mERR! Failed at the fusion@0.0.1 prebuild script.
npm [0m[91mERR![0m[91m This is probably not a problem with npm. There is likely additional logging output above.
[0m[91m
npm ERR! A complete log of this run can be found in:
npm[0m[91m ERR!     /root/.npm/_logs/2020-10-23T13_20_58_431Z-debug.log
[0mThe command '/bin/sh -c yarn && yarn add moment && yarn add vis-util && npm run build --prod --build-optimizer' returned a non-zero code: 1
[8mha:////4DW9QfjIqkQjbk0As03mWXshjqakH9wcOztMVQanDcdGAAAApR+LCAAAAAAAAP9tjTEOwjAQBC9BFLSUPOIiGoSEqNJabniBiY1xYt0Z2yGpeBFf4w8EIlGxxWpnm3m+YJkiHDlabA11jlLjMPjeTgsHjt3F84Atn7FhSuwNSjNI1qaeUXI2MKcoYSFgZajxnBzZDGvRqruqvCJbnXKcvoOA0ukbPKAQkzmrmL8wRthce52Yfp6/AhhDyFBu95/avQHhgNoTvgAAAA==[0m[Pipeline] }
[8mha:////4EuThnuO/bxP/NWEHp5uhxRcX5RxIFZUATvKwJeb4b/6AAAApR+LCAAAAAAAAP9tjTEOwjAQBC9BFLSUPOIiCgqEqNJabniBiY1xYt0Z2yGpeBFf4w8EIlGxxWpnm3m+YJkiHDlabA11jlLjMPjeTgsHjt3F84Atn7FhSuwNSjNI1qaeUXI2MKcoYSFgZajxnBzZDGvRqruqvCJbnXKcvoOA0ukbPKAQkzmrmL8wRthce52Yfp6/AhhDyFBu95/avQH+Ao9BvgAAAA==[0m[Pipeline] // stage
[8mha:////4JC8ZcyHueJUn7pKHFnvy38VZ/Dj31874Bfs1xmmJjqIAAAAox+LCAAAAAAAAP9tjTEOwjAQBDdBFLSUPMJBiA5R0VppeIFJjHFi3QX7QlLxIr7GH4iIRMVWO9PM641lijhydKqx1HpKlVdd6N301MCxvQYeVMMXVTElDlaVdii5tqcZSxaLeVmOhcbKUhU4eXKCtW7MwxTBkCvOEid30Mh9fccTmZ7KYqJ8YYzY3Po6Mf06fwMYu06Q77aCbP8BK1nRVL0AAAA=[0m[Pipeline] }
[8mha:////4LuBP0daT39aFV7IjSF5r66RtMpXdT9PwJlw5hmn1Tj5AAAAoh+LCAAAAAAAAP9tjTEOwjAQBDdBFLSUPMIRUCIqWisNLzCJMU6su2BfSCpexNf4AxGRqNhqZ5p5vbFMEUeOTjWWWk+p8qoLvZueGji218CDaviiKqbEwarSDiXX9jRjyWIxL8ux0FhZqgInT06w1o15mCIYcsVZ4uQOGrmv73gi01NZTJQvjBGbW18npl/nbwBj1wny3VaQ7T845dX3vQAAAA==[0m[Pipeline] // node
[8mha:////4GWXpgOfG0LRxRqQ/a6r0nI/9+4X6pcVJ6cg2bvMZwejAAAAoh+LCAAAAAAAAP9tjbEOgjAURS8YB1dHP6IkrMbJtWHxCyrUWmjeg/YhTH6Rv+Y/SCRx8k73nOW83timiBNHp1pLnadUe9WH0S1PTRy7W+BJtXxVNVPiYFVlp4obe16xYrFYl+XYaOws1YGTJyfY69Y8TBEMueIicXFHjdw3A57I9FIWE+ULc8ThPjaJ6df5G8Dc94K8LAVZ+QF+r3LHvQAAAA==[0m[Pipeline] End of Pipeline
ERROR: script returned exit code 1
Finished: FAILURE
