Started by user [8mha:////4P9/O1WrER/MtNQKKq96BREYrbhT4uL0mdwJbsXrADsrAAAAlh+LCAAAAAAAAP9b85aBtbiIQTGjNKU4P08vOT+vOD8nVc83PyU1x6OyILUoJzMv2y+/JJUBAhiZGBgqihhk0NSjKDWzXb3RdlLBUSYGJk8GtpzUvPSSDB8G5tKinBIGIZ+sxLJE/ZzEvHT94JKizLx0a6BxUmjGOUNodHsLgAzuEgYu/dLi1CL9xNzMEgClaoqTvwAAAA==[0mamit.senger
Checking out git https://github.com/igot-gov/Eagle.git into /var/lib/jenkins/workspace/igot-dev/Frontend-build/fusion-dev-build@script to read apps/fusion/Jenkinsfile
No credentials specified
 > git rev-parse --is-inside-work-tree # timeout=10
Fetching changes from the remote Git repository
 > git config remote.origin.url https://github.com/igot-gov/Eagle.git # timeout=10
Fetching upstream changes from https://github.com/igot-gov/Eagle.git
 > git --version # timeout=10
 > git fetch --tags --progress https://github.com/igot-gov/Eagle.git +refs/heads/*:refs/remotes/origin/* # timeout=10
 > git rev-parse origin/igot-dev^{commit} # timeout=10
Checking out Revision 40778df9a3b90829e542bc71e6fcdce8c2c40aaa (origin/igot-dev)
 > git config core.sparsecheckout # timeout=10
 > git checkout -f 40778df9a3b90829e542bc71e6fcdce8c2c40aaa # timeout=10
Commit message: "temp build fix"
 > git rev-list --no-walk 56712789250a798a497305be4d8c54cbf18a2c9f # timeout=10
Running in Durability level: MAX_SURVIVABILITY
[8mha:////4CogtAq7rn74jxj7uLVCcsx+t/y35kGeqvPkPZObyMXKAAAAoh+LCAAAAAAAAP9tjTEOwjAQBM8BClpKHuFItIiK1krDC0x8GCfWnbEdkooX8TX+gCESFVvtrLSa5wtWKcKBo5UdUu8otU4GP9jS5Mixv3geZcdn2TIl9igbHBs2eJyx4YwwR1SwULBGaj0nRzbDRnX6rmuvydanHMu2V1A5c4MHCFXMWcf8hSnC9jqYxPTz/BXAFEIGsfuclm8zQVqFvQAAAA==[0m[Pipeline] Start of Pipeline
[8mha:////4M4HhYYw5g8Q/T69bF4Q03CXP5QrGLTB/3G02QXJo6U5AAAApR+LCAAAAAAAAP9tjTEOwjAUQ3+KOrAycohUghExsUZZOEFIQkgb/d8mKe3EibgadyBQiQlLlmxL1nu+oE4RjhQdby12HpP2vA+jK4lPFLtroIm3dOGaMFGwXNpJkrGnpUrKFhaxClYC1hZ1oOTRZdiIVt1VExS65pxj2Q4CKm8GeAAThZxVzN8yR9jeRpMIf5y/AJj7DGxXvP/86jduZBmjwAAAAA==[0m[Pipeline] node
Running on [8mha:////4I8dzKCIF5MAVfX6mSSVw/7BBA8CLo8Y4KOcAQfTfDT/AAAAnh+LCAAAAAAAAP9b85aBtbiIQTGjNKU4P08vOT+vOD8nVc83PyU1x6OyILUoJzMv2y+/JJUBAhiZGBgqihhk0NSjKDWzXb3RdlLBUSYGJk8GtpzUvPSSDB8G5tKinBIGIZ+sxLJE/ZzEvHT94JKizLx0a6BxUmjGOUNodHsLgAz2EgZh/eT83ILSktQifY3cxGIgrakPAHib2iPIAAAA[0mJenkins in /var/lib/jenkins/workspace/igot-dev/Frontend-build/fusion-dev-build
[8mha:////4LB3xgJ5/i6rvwz3UzIGQskalXp7BJ5rM3CcuPAq8uCGAAAApR+LCAAAAAAAAP9tjTEOwjAUQ3+KOrAycoh0gA0xsUZZOEFIQkgb/d8mKe3EibgadyBQiQlLlmxL1nu+oE4RjhQdby12HpP2vA+jK4lPFLtroIm3dOGaMFGwXNpJkrGnpUrKFhaxClYC1hZ1oOTRZdiIVt1VExS65pxj2Q4CKm8GeAAThZxVzN8yR9jeRpMIf5y/AJj7DGxXvP/86jfoP95RwAAAAA==[0m[Pipeline] {
[8mha:////4BIodQLml+s7Yz/VUwXw69YMXxgGKkA2g9ogG2rdJzvnAAAApR+LCAAAAAAAAP9tjTEOwjAUQ3+KOrAycoh0gQkxsUZZOEFIQkgb/d8mKe3EibgadyBQiQlLlmxL1nu+oE4RjhQdby12HpP2vA+jK4lPFLtroIm3dOGaMFGwXNpJkrGnpUrKFhaxClYC1hZ1oOTRZdiIVt1VExS65pxj2Q4CKm8GeAAThZxVzN8yR9jeRpMIf5y/AJj7DGxXvP/86jc09154wAAAAA==[0m[Pipeline] ansiColor
[8mha:////4I+DPNrJrY6nGXv0HKYd6twr+ClidgSYIrE439NWgujzAAAApR+LCAAAAAAAAP9tjTEOwjAUQ3+KOrAycoh0ggUxsUZZOEFIQkgb/d8mKe3EibgadyBQiQlLlmxL1nu+oE4RjhQdby12HpP2vA+jK4lPFLtroIm3dOGaMFGwXNpJkrGnpUrKFhaxClYC1hZ1oOTRZdiIVt1VExS65pxj2Q4CKm8GeAAThZxVzN8yR9jeRpMIf5y/AJj7DGxXvP/86jek7ggRwAAAAA==[0m[Pipeline] {
[8mha:////4E6ZFoOz08tWaQiXki4hIu1lr7b/L8x53DGJZd+Tu1RuAAAApR+LCAAAAAAAAP9tjTEOwjAUQ3+KOrAycoh0gwExsUZZOEFIQkgb/d8mKe3EibgadyBQiQlLlmxL1nu+oE4RjhQdby12HpP2vA+jK4lPFLtroIm3dOGaMFGwXNpJkrGnpUrKFhaxClYC1hZ1oOTRZdiIVt1VExS65pxj2Q4CKm8GeAAThZxVzN8yR9jeRpMIf5y/AJj7DGxXvP/86jcChmMxwAAAAA==[0m[Pipeline] stage
[8mha:////4EOWAYBHBge05it7SsmJIpeBzlZnHLfW1vjcORdWPYclAAAApR+LCAAAAAAAAP9tjTEOwjAUQ3+KOrAycoh0BAkxsUZZOEFIQkgb/d8mKe3EibgadyBQiQlLlmxL1nu+oE4RjhQdby12HpP2vA+jK4lPFLtroIm3dOGaMFGwXNpJkrGnpUrKFhaxClYC1hZ1oOTRZdiIVt1VExS65pxj2Q4CKm8GeAAThZxVzN8yR9jeRpMIf5y/AJj7DGxXvP/86jfpX/cvwAAAAA==[0m[Pipeline] { (Checkout)
[8mha:////4P8hajGSU1NmcDK7zr6c+qSTk1RCMgeBZweWlwN28t5yAAAAoh+LCAAAAAAAAP9tjTEOAiEURD9rLGwtPQTbaoyVLaHxBMgiwpL/WWDdrTyRV/MOEjexcpJJ5k3zXm9Y5wQnSpZ7g73DrB2PYbR18YlSfws0cU9XrgkzBcOlmSR15rygpGJgCWtgJWBjUAfKDm2BrfDqodqg0LaXkup3FNC4boAnMFHNRaXyhTnB7j52mfDn+SuAORZg+9pD/AAeoCAqvAAAAA==[0m[Pipeline] cleanWs
[WS-CLEANUP] Deleting project workspace...
[WS-CLEANUP] Deferred wipeout is used...
[WS-CLEANUP] done
[8mha:////4O62hg3nuWQGYzJSRPAYJinD89yjNHB3k3WDfrzy132vAAAAox+LCAAAAAAAAP9tjTEOwjAQBDdBFLSUPMKBDglR0VppeIFJjHFi3QX7QlLxIr7GH4iIRMVWO9PM641lijhydKqx1HpKlVdd6N301MCxvQYeVMMXVTElDlaVdii5tqcZSxaLeVmOhcbKUhU4eXKCtW7MwxTBkCvOEid30Mh9fccTmZ7KYqJ8YYzY3Po6Mf06fwMYO0G2F+S7bfcBITL9lL0AAAA=[0m[Pipeline] checkout
No credentials specified
Cloning the remote Git repository
Cloning repository https://github.com/igot-gov/Eagle.git
 > git init /var/lib/jenkins/workspace/igot-dev/Frontend-build/fusion-dev-build # timeout=10
Fetching upstream changes from https://github.com/igot-gov/Eagle.git
 > git --version # timeout=10
 > git fetch --tags --progress https://github.com/igot-gov/Eagle.git +refs/heads/*:refs/remotes/origin/* # timeout=10
 > git config remote.origin.url https://github.com/igot-gov/Eagle.git # timeout=10
 > git config --add remote.origin.fetch +refs/heads/*:refs/remotes/origin/* # timeout=10
 > git config remote.origin.url https://github.com/igot-gov/Eagle.git # timeout=10
Fetching upstream changes from https://github.com/igot-gov/Eagle.git
 > git fetch --tags --progress https://github.com/igot-gov/Eagle.git +refs/heads/*:refs/remotes/origin/* # timeout=10
 > git rev-parse origin/igot-dev^{commit} # timeout=10
Checking out Revision 40778df9a3b90829e542bc71e6fcdce8c2c40aaa (origin/igot-dev)
 > git config core.sparsecheckout # timeout=10
 > git checkout -f 40778df9a3b90829e542bc71e6fcdce8c2c40aaa # timeout=10
Commit message: "temp build fix"
[8mha:////4PphThmGcYjzIXYO8baHSsc/I1mRgpU76NMkOh1sjp0sAAAAox+LCAAAAAAAAP9tjbEOgjAURS8YB1dHP6KEzcQ4uTYsfkGFWgvNe9g+hMkv8tf8B4kkTt7pnrOc1xvrFHHk6FRrqfOUaq/6MLj5qZFjdw08qpYvqmZKHKyq7FhxY08LViwWy7IcK42NpTpw8uQEW92ahymCIVecJc7uoJH75o4nMj2XxUT5whSxuw1NYvp1/gYw9b0gL0tBtv8AHk6T5r0AAAA=[0m[Pipeline] }
[8mha:////4N1Qgn8AATg0PJlfa+zx4/XZh3bPHqh2xDfBbhJgS8Y2AAAAox+LCAAAAAAAAP9tjTEOwjAQBDdBFLSUPMIRNBSIitZKwwtMYowT6y7YF5KKF/E1/kBEJCq22plmXm8sU8SRo1ONpdZTqrzqQu+mpwaO7TXwoBq+qIopcbCqtEPJtT3NWLJYzMtyLDRWlqrAyZMTrHVjHqYIhlxxlji5g0bu6zueyPRUFhPlC2PE5tbXienX+RvA2HWCfLsTZPsPXymMMb0AAAA=[0m[Pipeline] // stage
[8mha:////4EMnktzjW7yUEZ67srpVpNNd9ZDB2RgNDQ8SkV11xlyUAAAApB+LCAAAAAAAAP9tjTEOwjAQBDdBFLSUPMIRQqJBVLRWGl5gEmOcWHfBvpBUvIiv8QciIlGx1c4083pjmSKOHJ1qLLWeUuVVF3o3PTVwbK+BB9XwRVVMiYNVpR1Kru1pxpLFYl6WY6GxslQFTp6cYK0b8zBFMOSKs8TJHTRyX9/xRKanspgoXxgjNre+Tky/zt8Axq4T5NudINt/AHkw63u9AAAA[0m[Pipeline] }
[8mha:////4P0iBvoKjc4AyO3aqqUerJXSHuX/cs0cWTvuLSIHcSjvAAAAox+LCAAAAAAAAP9tjTEOwjAQBDdBFLSUPMIRElSIitZKwwtMYowT6y7YF5KKF/E1/kBEJCq22plmXm8sU8SRo1ONpdZTqrzqQu+mpwaO7TXwoBq+qIopcbCqtEPJtT3NWLJYzMtyLDRWlqrAyZMTrHVjHqYIhlxxlji5g0bu6zueyPRUFhPlC2PE5tbXienX+RvA2HWCfLsTZPsP073CUL0AAAA=[0m[Pipeline] // ansiColor
[8mha:////4CNnUvLMQQkxTLdb9/c6+Fx6wGWbU8RzyyrIP2Q7WnhBAAAAph+LCAAAAAAAAP9tjTEOwjAQBM9BKWgpeYQjJKgQFa3lhheY2Bgn1l2wLyQVL+Jr/IFAJCq22llpNc8XlDnBgZKXjcM2YK6D7GLvpyYHSu0l0iAbOsuaMFN0UrtBk3XHGTWxgzmigIWCpcM6Ug7oGVaqMXdTRYO+OnGatr2CItgbPECoycwm8RfGBOtrbzPhz/NXAGPHILYMxWb3OZZvBXXnAcEAAAA=[0m[Pipeline] stage
[8mha:////4CBaTsQr90lV5hpKm/1Gi+wkLJENS/ytk4SMdVNyA5vCAAAApx+LCAAAAAAAAP9tjTEOwjAUQ3+LOrAycohUDLAgpq5RFk4QmhDSRv+Xn5R24kRcjTvQUokJD5ZtyXqvNxSR4UTsRGOx9RhrL7rQuymJgbi9BhpEQxdRE0YKVig7KDK2WqqiZGFRlsNKwtpiHSh6dAk2stEPXQaNrjwnnrajhNybOzwhkxM5aU7fMjJsb72JhD/OXwCMXYJ8t5/tMD+LD/s94rDCAAAA[0m[Pipeline] { (docker-build)
[8mha:////4HHuxzc+yx4ZPKmtro1JSpobF3oS2uHDg6qhlNjVyMk5AAAApB+LCAAAAAAAAP9tjTEOwjAQBC9BFLSUPOIiGigQVVrLDS8wsTFOrDtjOyQVL+Jr/IFAJCq2WO1sM88XLFOEI0eLraHOUWocBt/baeHAsbt4HrDlMzZMib1BaQbJ2tQzSs4G5hQlLASsDDWekyObYS1adVeVV2SrU47TdxBQOn2DBxRiMmcV8xfGCJtrrxPTz/NXAGPIUG53n9qHN27Iu42+AAAA[0m[Pipeline] sh
+ git rev-parse --short HEAD
+ commit_id=40778df
+ echo 40778df
+ cd ./apps/fusion/
+ pwd
/var/lib/jenkins/workspace/igot-dev/Frontend-build/fusion-dev-build/apps/fusion
+ docker build -t 10.0.1.129:5000/ui-static:40778df .
Sending build context to Docker daemon  14.73MB
Step 1/9 : FROM node:10
 ---> e7671d9424c2
Step 2/9 : WORKDIR /app
 ---> Using cache
 ---> 23533f912c46
Step 3/9 : COPY . .
 ---> e8de3d084909
Step 4/9 : RUN yarn && yarn add moment && yarn add vis-util && npm run build --prod --build-optimizer
 ---> Running in 0575b8d8879c
yarn install v1.22.4
info No lockfile found.
[1/4] Resolving packages...
[91mwarning video.js > tsml@1.0.1: no longer maintained
[0m[91mwarning videojs-hls-quality-selector > karma-safaritechpreview-launcher > fs-promise@0.5.0: Use mz or fs-extra^3.0 with Promise Support
[0m[91mwarning vis-network > vis-util > vis-uuid@1.1.3: We don't use this library anymore so you shouldn't either. Use e.g. 'uuid' instead!
[0m[91mwarning @angular-devkit/build-angular > less > request@2.88.2: request has been deprecated, see https://github.com/request/request/issues/3142
[0m[91mwarning @angular-devkit/build-angular > webpack-dev-server > chokidar@2.1.8: Chokidar 2 will break on node v14+. Upgrade to chokidar 3 with 15x less dependencies.
[0m[91mwarning @angular-devkit/build-angular > less > request > har-validator@5.1.5: this library is no longer supported
[0m[91mwarning @angular-devkit/build-angular > webpack-dev-server > chokidar > fsevents@1.2.13: fsevents 1 will break on node v14+ and could be using insecure binaries. Upgrade to fsevents 2.
[0m[91mwarning @angular-devkit/build-angular > webpack > watchpack > watchpack-chokidar2 > chokidar@2.1.8: Chokidar 2 will break on node v14+. Upgrade to chokidar 3 with 15x less dependencies.
[0m[91mwarning @angular-devkit/build-angular > webpack > micromatch > snapdragon > source-map-resolve > resolve-url@0.2.1: https://github.com/lydell/resolve-url#deprecated
[0m[91mwarning @angular-devkit/build-angular > webpack > micromatch > snapdragon > source-map-resolve > urix@0.1.0: Please see https://github.com/lydell/urix#deprecated
[0m[91mwarning @angular/cli > universal-analytics > request@2.88.2: request has been deprecated, see https://github.com/request/request/issues/3142
[0m[91mwarning @angular/compiler-cli > chokidar@2.1.8: Chokidar 2 will break on node v14+. Upgrade to chokidar 3 with 15x less dependencies.
[0m[91mwarning ng-packagr > rollup-plugin-commonjs@10.1.0: This package has been deprecated and is no longer maintained. Please use @rollup/plugin-commonjs.
[0m[91mwarning ng-packagr > rollup-plugin-json@4.0.0: This module has been deprecated and is no longer maintained. Please use @rollup/plugin-json.
[0m[91mwarning ng-packagr > rollup-plugin-node-resolve@5.2.0: This package has been deprecated and is no longer maintained. Please use @rollup/plugin-node-resolve.
[0m[91mwarning ng-packagr > stylus > css-parse > css > urix@0.1.0: Please see https://github.com/lydell/urix#deprecated
[0m[91mwarning protractor > webdriver-manager > request@2.88.2: request has been deprecated, see https://github.com/request/request/issues/3142
[0m[2/4] Fetching packages...
info fsevents@2.1.3: The platform "linux" is incompatible with this module.
info "fsevents@2.1.3" is an optional dependency and failed compatibility check. Excluding it from installation.
info fsevents@1.2.13: The platform "linux" is incompatible with this module.
info "fsevents@1.2.13" is an optional dependency and failed compatibility check. Excluding it from installation.
[3/4] Linking dependencies...
[91mwarning " > @angular/core@8.2.14" has incorrect peer dependency "zone.js@~0.9.1".
[0m[91mwarning " > @angular/material-moment-adapter@9.2.4" has incorrect peer dependency "@angular/material@9.2.4".
[0m[91mwarning " > @angular/material-moment-adapter@9.2.4" has incorrect peer dependency "@angular/core@^9.0.0 || ^10.0.0-0".
[0m[91mwarning " > keycloak-angular@6.1.0" has incorrect peer dependency "@angular/common@^7.0.0".
warning " > keycloak-angular@6.1.0" has incorrect peer dependency "@angular/core@^7.0.0".
[0m[91mwarning " > ng2-ace-editor@0.3.9" has incorrect peer dependency "@angular/core@^7.0.0".
[0m[91mwarning " > ng2-ckeditor@1.2.9" has incorrect peer dependency "@angular/core@^10.0.4".
[0m[91mwarning " > ng2-ckeditor@1.2.9" has incorrect peer dependency "@angular/forms@^10.0.4".
[0m[91mwarning " > ng2-ckeditor@1.2.9" has incorrect peer dependency "@angular/common@^10.0.4".
[0m[91mwarning " > pdfjs-dist@2.1.266" has unmet peer dependency "webpack@^3.0.0 || ^4.0.0-alpha.0 || ^4.0.0".
[0m[91mwarning "pdfjs-dist > worker-loader@2.0.0" has unmet peer dependency "webpack@^3.0.0 || ^4.0.0-alpha.0 || ^4.0.0".
[0m[91mwarning "vis-network > vis-data@6.6.1" has incorrect peer dependency "vis-util@^4.0.0".
[0m[91mwarning "vis-network > vis-data@6.6.1" has unmet peer dependency "uuid@^7.0.0 || ^8.0.0".
[0m[91mwarning " > karma-jasmine-html-reporter@1.5.4" has incorrect peer dependency "jasmine-core@>=3.5".
[0m[91mwarning " > tsickle@0.36.0" has incorrect peer dependency "typescript@~3.4.1".
[0m[4/4] Building fresh packages...
success Saved lockfile.
Done in 96.07s.
yarn add v1.22.4
[1/4] Resolving packages...
[2/4] Fetching packages...
[91mwarning Pattern ["moment@^2.27.0"] is trying to unpack in the same destination "/usr/local/share/.cache/yarn/v6/npm-moment-2.27.0-8bff4e3e26a236220dfe3e36de756b6ebaa0105d-integrity/node_modules/moment" as pattern ["moment@^2.10.2","moment@^2.24.0","moment@^2.10.2","moment@>=2.13.0"]. This could result in non-deterministic behavior, skipping.
[0minfo fsevents@2.1.3: The platform "linux" is incompatible with this module.
info "fsevents@2.1.3" is an optional dependency and failed compatibility check. Excluding it from installation.
info fsevents@1.2.13: The platform "linux" is incompatible with this module.
info "fsevents@1.2.13" is an optional dependency and failed compatibility check. Excluding it from installation.
[3/4] Linking dependencies...
[91mwarning " > @angular/core@8.2.14" has incorrect peer dependency "zone.js@~0.9.1".
[0m[91mwarning " > @angular/material-moment-adapter@9.2.4" has incorrect peer dependency "@angular/material@9.2.4".
[0m[91mwarning " > @angular/material-moment-adapter@9.2.4" has incorrect peer dependency "@angular/core@^9.0.0 || ^10.0.0-0".
[0m[91mwarning " > keycloak-angular@6.1.0" has incorrect peer dependency "@angular/common@^7.0.0".
[0m[91mwarning " > keycloak-angular@6.1.0" has incorrect peer dependency "@angular/core@^7.0.0".
[0m[91mwarning " > ng2-ace-editor@0.3.9" has incorrect peer dependency "@angular/core@^7.0.0".
[0m[91mwarning " > ng2-ckeditor@1.2.9" has incorrect peer dependency "@angular/core@^10.0.4".
[0m[91mwarning " > ng2-ckeditor@1.2.9" has incorrect peer dependency "@angular/forms@^10.0.4".
[0m[91mwarning " > ng2-ckeditor@1.2.9" has incorrect peer dependency "@angular/common@^10.0.4".
[0m[91mwarning " > pdfjs-dist@2.1.266" has unmet peer dependency "webpack@^3.0.0 || ^4.0.0-alpha.0 || ^4.0.0".
[0m[91mwarning "pdfjs-dist > worker-loader@2.0.0" has unmet peer dependency "webpack@^3.0.0 || ^4.0.0-alpha.0 || ^4.0.0".
[0m[91mwarning "vis-network > vis-data@6.6.1" has incorrect peer dependency "vis-util@^4.0.0".
[0m[91mwarning "vis-network > vis-data@6.6.1" has unmet peer dependency "uuid@^7.0.0 || ^8.0.0".
[0m[91mwarning " > karma-jasmine-html-reporter@1.5.4" has incorrect peer dependency "jasmine-core@>=3.5".
[0m[91mwarning " > tsickle@0.36.0" has incorrect peer dependency "typescript@~3.4.1".
[0m[4/4] Building fresh packages...
success Saved 1 new dependency.
info Direct dependencies
â””â”€ moment@2.27.0
info All dependencies
â””â”€ moment@2.27.0
Done in 9.97s.
yarn add v1.22.4
[1/4] Resolving packages...
[2/4] Fetching packages...
info fsevents@2.1.3: The platform "linux" is incompatible with this module.
info "fsevents@2.1.3" is an optional dependency and failed compatibility check. Excluding it from installation.
info fsevents@1.2.13: The platform "linux" is incompatible with this module.
info "fsevents@1.2.13" is an optional dependency and failed compatibility check. Excluding it from installation.
[3/4] Linking dependencies...
[91mwarning " > @angular/core@8.2.14" has incorrect peer dependency "zone.js@~0.9.1".
[0m[91mwarning " > @angular/material-moment-adapter@9.2.4" has incorrect peer dependency "@angular/material@9.2.4".
[0m[91mwarning " > @angular/material-moment-adapter@9.2.4" has incorrect peer dependency "@angular/core@^9.0.0 || ^10.0.0-0".
[0m[91mwarning " > keycloak-angular@6.1.0" has incorrect peer dependency "@angular/common@^7.0.0".
[0m[91mwarning " > keycloak-angular@6.1.0" has incorrect peer dependency "@angular/core@^7.0.0".
[0m[91mwarning " > ng2-ace-editor@0.3.9" has incorrect peer dependency "@angular/core@^7.0.0".
[0m[91mwarning " > ng2-ckeditor@1.2.9" has incorrect peer dependency "@angular/core@^10.0.4".
[0m[91mwarning " > ng2-ckeditor@1.2.9" has incorrect peer dependency "@angular/forms@^10.0.4".
[0m[91mwarning " > ng2-ckeditor@1.2.9" has incorrect peer dependency "@angular/common@^10.0.4".
[0m[91mwarning " > pdfjs-dist@2.1.266" has unmet peer dependency "webpack@^3.0.0 || ^4.0.0-alpha.0 || ^4.0.0".
[0m[91mwarning "pdfjs-dist > worker-loader@2.0.0" has unmet peer dependency "webpack@^3.0.0 || ^4.0.0-alpha.0 || ^4.0.0".
[0m[91mwarning "vis-network > vis-data@6.6.1" has unmet peer dependency "uuid@^7.0.0 || ^8.0.0".
[0m[91mwarning " > karma-jasmine-html-reporter@1.5.4" has incorrect peer dependency "jasmine-core@>=3.5".
[0m[91mwarning " > tsickle@0.36.0" has incorrect peer dependency "typescript@~3.4.1".
[0m[4/4] Building fresh packages...
success Saved lockfile.
success Saved 1 new dependency.
info Direct dependencies
â””â”€ vis-util@4.3.4
info All dependencies
â””â”€ vis-util@4.3.4
Done in 10.06s.

> fusion@0.0.1 prebuild /app
> npm run lint:fix


> fusion@0.0.1 lint:fix /app
> ng lint --fix

Linting "fusion"...
All files pass linting.
Linting "@ws-widget/resolver"...
All files pass linting.
Linting "@ws-widget/collection"...
All files pass linting.
Linting "@ws-widget/utils"...
All files pass linting.
Linting "@ws/app"...
All files pass linting.
Linting "@ws/author"...
All files pass linting.
Linting "@ws/admin"...
All files pass linting.
Linting "@ws/analytics"...
All files pass linting.
Linting "@ws/viewer"...
All files pass linting.

> fusion@0.0.1 build /app
> node --max_old_space_size=8000 ./node_modules/@angular/cli/bin/ng build --prod --outputPath=dist/www/en --baseHref=/ --i18nLocale=en

[91m
WARNING in Empty property 'box-shadow' at 128:2. Ignoring.

WARNING in budgets, maximum exceeded for initial. Budget 4 MB was exceeded by 7.95 MB.[0m[91m

ERROR in budgets, maximum exceeded for initial. Budget 10 MB was exceeded by 1.95 MB.
[0m[91mnpm ERR! code ELIFECYCLE
[0m[91mnpm ERR! [0m[91merrno 1
[0m[91mnpm ERR! fusion@0.0.1 build: `node --max_old_space_size=8000 ./node_modules/@angular/cli/bin/ng build --prod --outputPath=dist/www/en --baseHref=/ --i18nLocale=en`
npm[0m[91m ERR![0m[91m Exit status 1
[0m[91mnpm[0m[91m ERR! 
npm ERR![0m[91m Failed at the fusion@0.0.1 build script.
npm ERR! This is probably not a problem with npm. There is likely additional logging output above.
[0m[91m
npm [0m[91mERR! A complete log of this run can be found in:
npm ERR![0m[91m     /root/.npm/_logs/2020-08-11T09_03_46_611Z-debug.log
[0mThe command '/bin/sh -c yarn && yarn add moment && yarn add vis-util && npm run build --prod --build-optimizer' returned a non-zero code: 1
[8mha:////4DW9QfjIqkQjbk0As03mWXshjqakH9wcOztMVQanDcdGAAAApR+LCAAAAAAAAP9tjTEOwjAQBC9BFLSUPOIiGoSEqNJabniBiY1xYt0Z2yGpeBFf4w8EIlGxxWpnm3m+YJkiHDlabA11jlLjMPjeTgsHjt3F84Atn7FhSuwNSjNI1qaeUXI2MKcoYSFgZajxnBzZDGvRqruqvCJbnXKcvoOA0ukbPKAQkzmrmL8wRthce52Yfp6/AhhDyFBu95/avQHhgNoTvgAAAA==[0m[Pipeline] }
[8mha:////4EuThnuO/bxP/NWEHp5uhxRcX5RxIFZUATvKwJeb4b/6AAAApR+LCAAAAAAAAP9tjTEOwjAQBC9BFLSUPOIiCgqEqNJabniBiY1xYt0Z2yGpeBFf4w8EIlGxxWpnm3m+YJkiHDlabA11jlLjMPjeTgsHjt3F84Atn7FhSuwNSjNI1qaeUXI2MKcoYSFgZajxnBzZDGvRqruqvCJbnXKcvoOA0ukbPKAQkzmrmL8wRthce52Yfp6/AhhDyFBu95/avQH+Ao9BvgAAAA==[0m[Pipeline] // stage
[8mha:////4JC8ZcyHueJUn7pKHFnvy38VZ/Dj31874Bfs1xmmJjqIAAAAox+LCAAAAAAAAP9tjTEOwjAQBDdBFLSUPMJBiA5R0VppeIFJjHFi3QX7QlLxIr7GH4iIRMVWO9PM641lijhydKqx1HpKlVdd6N301MCxvQYeVMMXVTElDlaVdii5tqcZSxaLeVmOhcbKUhU4eXKCtW7MwxTBkCvOEid30Mh9fccTmZ7KYqJ8YYzY3Po6Mf06fwMYu06Q77aCbP8BK1nRVL0AAAA=[0m[Pipeline] }
[8mha:////4LuBP0daT39aFV7IjSF5r66RtMpXdT9PwJlw5hmn1Tj5AAAAoh+LCAAAAAAAAP9tjTEOwjAQBDdBFLSUPMIRUCIqWisNLzCJMU6su2BfSCpexNf4AxGRqNhqZ5p5vbFMEUeOTjWWWk+p8qoLvZueGji218CDaviiKqbEwarSDiXX9jRjyWIxL8ux0FhZqgInT06w1o15mCIYcsVZ4uQOGrmv73gi01NZTJQvjBGbW18npl/nbwBj1wny3VaQ7T845dX3vQAAAA==[0m[Pipeline] // node
[8mha:////4GWXpgOfG0LRxRqQ/a6r0nI/9+4X6pcVJ6cg2bvMZwejAAAAoh+LCAAAAAAAAP9tjbEOgjAURS8YB1dHP6IkrMbJtWHxCyrUWmjeg/YhTH6Rv+Y/SCRx8k73nOW83timiBNHp1pLnadUe9WH0S1PTRy7W+BJtXxVNVPiYFVlp4obe16xYrFYl+XYaOws1YGTJyfY69Y8TBEMueIicXFHjdw3A57I9FIWE+ULc8ThPjaJ6df5G8Dc94K8LAVZ+QF+r3LHvQAAAA==[0m[Pipeline] End of Pipeline
ERROR: script returned exit code 1
Finished: FAILURE
